<?xml version="1.0" encoding="UTF-8"?>
<testng-results skipped="0" failed="1" ignored="0" total="3" passed="2">
  <reporter-output>
    <line>
      <![CDATA[Page title is = https://www.cheapoair.com/]]>
    </line>
    <line>
      <![CDATA[Page title is = Cheap Airline Tickets, Hotels & Car Rentals | CheapOair]]>
    </line>
  </reporter-output>
  <suite name="Google Project" duration-ms="53285" started-at="2020-04-25T12:50:55 IST" finished-at="2020-04-25T12:51:48 IST">
    <groups>
    </groups>
    <test name="Test Page Title" duration-ms="45589" started-at="2020-04-25T12:50:55 IST" finished-at="2020-04-25T12:51:41 IST">
      <class name="testngEx.TC01">
        <test-method status="PASS" signature="openBrowser(java.lang.String)[pri:0, instance:testngEx.TC01@5c072e3f]" name="openBrowser" is-config="true" duration-ms="25445" started-at="2020-04-25T12:50:55 IST" finished-at="2020-04-25T12:51:21 IST">
          <params>
            <param index="0">
              <value>
                <![CDATA[Firefox]]>
              </value>
            </param>
          </params>
          <reporter-output>
          </reporter-output>
        </test-method> <!-- openBrowser -->
        <test-method status="PASS" signature="test01()[pri:0, instance:testngEx.TC01@5c072e3f]" name="test01" duration-ms="25" started-at="2020-04-25T12:51:21 IST" finished-at="2020-04-25T12:51:21 IST">
          <reporter-output>
            <line>
              <![CDATA[Page title is = Cheap Airline Tickets, Hotels & Car Rentals | CheapOair]]>
            </line>
          </reporter-output>
        </test-method> <!-- test01 -->
        <test-method status="PASS" signature="closeBroswer(org.testng.ITestResult)[pri:0, instance:testngEx.TC01@5c072e3f]" name="closeBroswer" is-config="true" duration-ms="20033" started-at="2020-04-25T12:51:21 IST" finished-at="2020-04-25T12:51:41 IST">
          <params>
            <param index="0">
              <value>
                <![CDATA[[TestResult name=test01 status=SUCCESS method=TC01.test01()[pri:0, instance:testngEx.TC01@5c072e3f] output=Page title is = Cheap Airline Tickets, Hotels & Car Rentals | CheapOair]]]>
              </value>
            </param>
          </params>
          <reporter-output>
          </reporter-output>
        </test-method> <!-- closeBroswer -->
      </class> <!-- testngEx.TC01 -->
    </test> <!-- Test Page Title -->
    <test name="Test Page URL" duration-ms="46955" started-at="2020-04-25T12:50:55 IST" finished-at="2020-04-25T12:51:42 IST">
      <class name="testngEx.TC02">
        <test-method status="PASS" signature="openBrowser(java.lang.String)[pri:0, instance:testngEx.TC02@24b1d79b]" name="openBrowser" is-config="true" duration-ms="25353" started-at="2020-04-25T12:50:55 IST" finished-at="2020-04-25T12:51:21 IST">
          <params>
            <param index="0">
              <value>
                <![CDATA[firefox]]>
              </value>
            </param>
          </params>
          <reporter-output>
          </reporter-output>
        </test-method> <!-- openBrowser -->
        <test-method status="FAIL" signature="test02()[pri:0, instance:testngEx.TC02@24b1d79b]" name="test02" duration-ms="62" started-at="2020-04-25T12:51:21 IST" finished-at="2020-04-25T12:51:21 IST">
          <exception class="java.lang.AssertionError">
            <message>
              <![CDATA[did not expect to find [true] but found [false]]]>
            </message>
            <full-stacktrace>
              <![CDATA[java.lang.AssertionError: did not expect to find [true] but found [false]
at org.testng.Assert.fail(Assert.java:97)
at org.testng.Assert.failNotEquals(Assert.java:969)
at org.testng.Assert.assertTrue(Assert.java:43)
at org.testng.Assert.assertTrue(Assert.java:53)
at testngEx.TC02.test02(TC02.java:20)
at sun.reflect.NativeMethodAccessorImpl.invoke0(Native Method)
at sun.reflect.NativeMethodAccessorImpl.invoke(Unknown Source)
at sun.reflect.DelegatingMethodAccessorImpl.invoke(Unknown Source)
at java.lang.reflect.Method.invoke(Unknown Source)
at org.testng.internal.MethodInvocationHelper.invokeMethod(MethodInvocationHelper.java:133)
at org.testng.internal.TestInvoker.invokeMethod(TestInvoker.java:584)
at org.testng.internal.TestInvoker.invokeTestMethod(TestInvoker.java:172)
at org.testng.internal.MethodRunner.runInSequence(MethodRunner.java:46)
at org.testng.internal.TestInvoker$MethodInvocationAgent.invoke(TestInvoker.java:804)
at org.testng.internal.TestInvoker.invokeTestMethods(TestInvoker.java:145)
at org.testng.internal.TestMethodWorker.invokeTestMethods(TestMethodWorker.java:146)
at org.testng.internal.TestMethodWorker.run(TestMethodWorker.java:128)
at java.util.ArrayList.forEach(Unknown Source)
at org.testng.TestRunner.privateRun(TestRunner.java:770)
at org.testng.TestRunner.run(TestRunner.java:591)
at org.testng.SuiteRunner.runTest(SuiteRunner.java:402)
at org.testng.SuiteRunner.access$000(SuiteRunner.java:41)
at org.testng.SuiteRunner$SuiteWorker.run(SuiteRunner.java:443)
at org.testng.internal.thread.ThreadUtil.lambda$execute$0(ThreadUtil.java:67)
at java.util.concurrent.FutureTask.run(Unknown Source)
at java.util.concurrent.ThreadPoolExecutor.runWorker(Unknown Source)
at java.util.concurrent.ThreadPoolExecutor$Worker.run(Unknown Source)
at java.lang.Thread.run(Unknown Source)
]]>
            </full-stacktrace>
          </exception> <!-- java.lang.AssertionError -->
          <reporter-output>
            <line>
              <![CDATA[Page title is = https://www.cheapoair.com/]]>
            </line>
          </reporter-output>
        </test-method> <!-- test02 -->
        <test-method status="PASS" signature="closeBroswer(org.testng.ITestResult)[pri:0, instance:testngEx.TC02@24b1d79b]" name="closeBroswer" is-config="true" duration-ms="21422" started-at="2020-04-25T12:51:21 IST" finished-at="2020-04-25T12:51:42 IST">
          <params>
            <param index="0">
              <value>
                <![CDATA[[TestResult name=test02 status=FAILURE method=TC02.test02()[pri:0, instance:testngEx.TC02@24b1d79b] output=Page title is = https://www.cheapoair.com/]]]>
              </value>
            </param>
          </params>
          <reporter-output>
          </reporter-output>
        </test-method> <!-- closeBroswer -->
      </class> <!-- testngEx.TC02 -->
    </test> <!-- Test Page URL -->
    <test name="Selemct Date From Cal" duration-ms="53285" started-at="2020-04-25T12:50:55 IST" finished-at="2020-04-25T12:51:48 IST">
      <class name="testngEx.TC03">
        <test-method status="PASS" signature="openBrowser(java.lang.String)[pri:0, instance:testngEx.TC03@4ae82894]" name="openBrowser" is-config="true" duration-ms="30727" started-at="2020-04-25T12:50:55 IST" finished-at="2020-04-25T12:51:26 IST">
          <params>
            <param index="0">
              <value>
                <![CDATA[firefox]]>
              </value>
            </param>
          </params>
          <reporter-output>
          </reporter-output>
        </test-method> <!-- openBrowser -->
        <test-method status="PASS" signature="test01()[pri:0, instance:testngEx.TC03@4ae82894]" name="test01" duration-ms="2315" started-at="2020-04-25T12:51:26 IST" finished-at="2020-04-25T12:51:28 IST">
          <reporter-output>
          </reporter-output>
        </test-method> <!-- test01 -->
        <test-method status="PASS" signature="closeBroswer(org.testng.ITestResult)[pri:0, instance:testngEx.TC03@4ae82894]" name="closeBroswer" is-config="true" duration-ms="20175" started-at="2020-04-25T12:51:28 IST" finished-at="2020-04-25T12:51:48 IST">
          <params>
            <param index="0">
              <value>
                <![CDATA[[TestResult name=test01 status=SUCCESS method=TC03.test01()[pri:0, instance:testngEx.TC03@4ae82894] output={null}]]]>
              </value>
            </param>
          </params>
          <reporter-output>
          </reporter-output>
        </test-method> <!-- closeBroswer -->
      </class> <!-- testngEx.TC03 -->
    </test> <!-- Selemct Date From Cal -->
  </suite> <!-- Google Project -->
</testng-results>
